<?xml version="1.0" encoding="UTF-8"?>
<!-- Generated by org.testng.reporters.JUnitReportReporter -->
<testsuite hostname="DESKTOP-TLRQ9UM" failures="0" tests="3" name="testPackage.TestClassTNG1" time="0.023" errors="0" timestamp="2023-03-10T21:19:12 IST" skipped="0">
  <testcase classname="testPackage.TestClassTNG1" name="test2" time="0.006"/>
  <system-out/>
  <testcase classname="testPackage.TestClassTNG1" name="test1" time="0.013"/>
  <system-out/>
  <testcase classname="testPackage.TestClassTNG1" name="test3" time="0.004"/>
  <system-out/>
</testsuite> <!-- testPackage.TestClassTNG1 -->
