<?xml version="1.0" encoding="UTF-8"?>
<!-- Generated by org.testng.reporters.JUnitReportReporter -->
<testsuite hostname="DESKTOP-TLRQ9UM" failures="0" tests="3" name="testPackage.TestClassTNG2" time="0.000" errors="0" timestamp="2023-03-09T23:03:05 IST" skipped="3">
  <testcase classname="testPackage.TestClassTNG2" name="test1" time="0.000">
    <skipped/>
  </testcase> <!-- test1 -->
  <system-out/>
  <testcase classname="testPackage.TestClassTNG2" name="test2" time="0.000">
    <skipped/>
  </testcase> <!-- test2 -->
  <system-out/>
  <testcase classname="testPackage.TestClassTNG2" name="test3" time="0.000">
    <skipped/>
  </testcase> <!-- test3 -->
  <system-out/>
</testsuite> <!-- testPackage.TestClassTNG2 -->
